TN:
SF:/Users/sanjaykrishna/Projects/GitHub/statetree/ticker/src/lib/TickEntry.js
FN:8,checkError
FN:31,(anonymous_1)
FN:62,(anonymous_2)
FN:75,(anonymous_3)
FN:88,(anonymous_4)
FN:101,(anonymous_5)
FN:106,(anonymous_6)
FNF:7
FNH:7
FNDA:146,checkError
FNDA:9,(anonymous_1)
FNDA:6,(anonymous_2)
FNDA:134,(anonymous_3)
FNDA:3,(anonymous_4)
FNDA:21,(anonymous_5)
FNDA:132,(anonymous_6)
DA:9,146
DA:10,0
DA:11,0
DA:13,146
DA:14,0
DA:36,9
DA:40,9
DA:44,9
DA:48,9
DA:52,9
DA:53,9
DA:63,6
DA:64,6
DA:65,6
DA:66,6
DA:67,6
DA:76,134
DA:77,133
DA:89,3
DA:90,2
DA:91,2
DA:92,2
DA:93,2
DA:95,2
DA:96,2
DA:97,2
DA:99,2
DA:100,2
DA:101,1
DA:102,21
DA:106,2
DA:107,132
DA:108,120
DA:109,120
DA:110,120
DA:111,12
DA:112,10
DA:113,10
DA:115,2
DA:116,2
DA:117,2
DA:118,2
DA:122,2
DA:127,1
DA:128,1
DA:129,1
DA:131,1
LF:47
LH:44
BRDA:9,0,0,0
BRDA:9,0,1,146
BRDA:10,1,0,0
BRDA:10,1,1,0
BRDA:13,2,0,0
BRDA:13,2,1,144
BRDA:31,3,0,9
BRDA:31,4,0,9
BRDA:88,5,0,3
BRDA:100,6,0,1
BRDA:100,6,1,1
BRDA:102,7,0,21
BRDA:102,7,1,21
BRDA:107,8,0,120
BRDA:107,8,1,12
BRDA:108,9,0,120
BRDA:108,9,1,120
BRDA:111,10,0,10
BRDA:111,10,1,2
BRF:19
BRH:15
end_of_record
TN:
SF:/Users/sanjaykrishna/Projects/GitHub/statetree/ticker/src/lib/semiInfiniteLoop.js
FN:23,onTick
FN:40,coreAlogorithm
FN:56,executePriorityEntries
FN:75,executeTickEntries
FN:91,moveWaitingEntriesForExecution
FN:107,arePriorityEntriesEmpty
FN:123,tickCallback
FN:137,startSemiInfiniteLoop
FN:153,stopSemiInfiniteLoop
FN:175,addToSemiInfiniteLoop
FNF:10
FNH:10
FNDA:111,onTick
FNDA:111,coreAlogorithm
FNDA:111,executePriorityEntries
FNDA:111,executeTickEntries
FNDA:111,moveWaitingEntriesForExecution
FNDA:244,arePriorityEntriesEmpty
FNDA:111,tickCallback
FNDA:2,startSemiInfiniteLoop
FNDA:2,stopSemiInfiniteLoop
FNDA:133,addToSemiInfiniteLoop
DA:3,1
DA:5,1
DA:6,1
DA:8,1
DA:9,1
DA:24,111
DA:26,111
DA:27,1
DA:28,1
DA:30,0
DA:31,0
DA:32,0
DA:35,110
DA:37,0
DA:41,111
DA:42,111
DA:43,111
DA:44,2
DA:45,2
DA:47,109
DA:57,111
DA:58,111
DA:59,333
DA:60,333
DA:61,111
DA:63,111
DA:66,111
DA:80,111
DA:81,133
DA:82,133
DA:84,133
DA:85,21
DA:87,133
DA:92,111
DA:93,111
DA:94,109
DA:95,130
DA:96,130
DA:97,130
DA:98,109
DA:100,130
DA:101,130
DA:104,111
DA:108,244
DA:109,252
DA:110,252
DA:111,240
DA:114,4
DA:124,111
DA:125,111
DA:126,109
DA:138,2
DA:140,2
DA:142,0
DA:154,2
DA:155,2
DA:156,2
DA:157,2
DA:158,2
DA:159,2
DA:161,0
DA:176,133
DA:177,2
DA:179,133
DA:180,130
DA:181,109
DA:183,130
DA:185,3
DA:186,3
DA:187,2
DA:189,3
DA:190,3
LF:72
LH:66
BRDA:26,0,0,1
BRDA:26,0,1,110
BRDA:27,1,0,1
BRDA:27,1,1,0
BRDA:43,2,0,2
BRDA:43,2,1,109
BRDA:60,3,0,111
BRDA:60,3,1,222
BRDA:60,4,0,333
BRDA:60,4,1,111
BRDA:82,5,0,133
BRDA:82,5,1,1
BRDA:84,6,0,21
BRDA:84,6,1,112
BRDA:85,7,0,21
BRDA:85,7,1,0
BRDA:92,8,0,109
BRDA:92,8,1,2
BRDA:93,9,0,109
BRDA:93,9,1,2
BRDA:93,10,0,111
BRDA:93,10,1,109
BRDA:97,11,0,109
BRDA:97,11,1,21
BRDA:110,12,0,240
BRDA:110,12,1,12
BRDA:110,13,0,252
BRDA:110,13,1,240
BRDA:125,14,0,109
BRDA:125,14,1,2
BRDA:138,15,0,2
BRDA:138,15,1,0
BRDA:158,16,0,2
BRDA:158,16,1,0
BRDA:176,17,0,2
BRDA:176,17,1,131
BRDA:179,18,0,130
BRDA:179,18,1,3
BRDA:180,19,0,109
BRDA:180,19,1,21
BRDA:186,20,0,2
BRDA:186,20,1,1
BRF:42
BRH:38
end_of_record
